<?xml version="1.0" encoding="UTF-8"?>
<!-- Generated by org.testng.reporters.JUnitXMLReporter -->
<testsuite ignored="0" hostname="HARSHITA" failures="0" tests="5" name="Parallel Test" time="973.432" errors="0" timestamp="15 Aug 2018 23:30:35 GMT">
  <testcase classname="captureScreenshot.Edge_FbScreenshot" name="CaptureScreenshot" time="164.686"/>
  <testcase classname="captureScreenshot.Chrome_FbScreenshot" name="CaptureScreenshot" time="235.204"/>
  <testcase classname="captureScreenshot.Opera_FbScreenshot" name="CaptureScreenshot" time="248.86"/>
  <testcase classname="captureScreenshot.Firefox_FbScreenshot" name="CaptureScreenshot" time="316.927"/>
  <testcase classname="captureScreenshot.IE_FbScreenshot" name="CaptureScreenshot" time="973.409"/>
</testsuite> <!-- Parallel Test -->
